[25Dec2024 00:00:31.894] [Server thread/INFO] [net.minecraft.server.MinecraftServer/]: [@: Set the weather to clear]
[25Dec2024 00:01:23.665] [Server thread/INFO] [net.minecraft.server.MinecraftServer/]: [VIK_N_DA_HOOD: Set the time to 1000]
[25Dec2024 00:05:33.893] [Server thread/INFO] [net.minecraft.server.MinecraftServer/]: [@: Set the weather to clear]
[25Dec2024 00:06:24.395] [Server thread/INFO] [net.minecraft.server.MinecraftServer/]: [@: Killed 24 entities]
[25Dec2024 00:06:31.578] [Server thread/INFO] [net.minecraft.server.MinecraftServer/]: [VIK_N_DA_HOOD: Teleported VIK_N_DA_HOOD to Sanguchito666]
[25Dec2024 00:07:15.715] [Server thread/INFO] [com.teampotato.redirector.Redirector/]: Redirecting com/sk89q/worldedit/util/formatting/text/event/HoverEvent$Action
[25Dec2024 00:07:15.759] [Server thread/INFO] [com.teampotato.redirector.Redirector/]: Redirecting com/sk89q/worldedit/util/formatting/text/format/Style$Merge$Strategy
[25Dec2024 00:07:21.304] [Server thread/INFO] [com.teampotato.redirector.Redirector/]: Redirecting com/sk89q/worldedit/internal/command/CommandArgParser$State
[25Dec2024 00:07:21.884] [Server thread/INFO] [com.teampotato.redirector.Redirector/]: Redirecting com/sk89q/worldedit/EditSession$Stage
[25Dec2024 00:07:21.887] [Server thread/INFO] [com.teampotato.redirector.Redirector/]: Redirecting com/sk89q/worldedit/extent/reorder/MultiStageReorder$PlacementPriority
[25Dec2024 00:08:25.928] [Server thread/INFO] [net.minecraft.server.MinecraftServer/]: Naeceran has made the advancement [Bonfire Lit]
[25Dec2024 00:10:34.931] [Server thread/INFO] [net.minecraft.server.MinecraftServer/]: [@: Set the weather to clear]
[25Dec2024 00:11:22.067] [Server thread/INFO] [net.minecraft.server.MinecraftServer/]: [VIK_N_DA_HOOD: Set the time to 1000]
[25Dec2024 00:11:23.738] [Server thread/INFO] [net.minecraft.server.MinecraftServer/]: [VIK_N_DA_HOOD: Teleported VIK_N_DA_HOOD to Sanguchito666]
[25Dec2024 00:15:09.627] [Server thread/INFO] [net.minecraft.server.MinecraftServer/]: [VIK_N_DA_HOOD: Teleported VIK_N_DA_HOOD to Sanguchito666]
[25Dec2024 00:15:36.894] [Server thread/INFO] [net.minecraft.server.MinecraftServer/]: [@: Set the weather to clear]
[25Dec2024 00:20:33.806] [Server thread/INFO] [net.minecraft.server.MinecraftServer/]: [Sanguchito666: Teleported Sanguchito666 to VIK_N_DA_HOOD]
[25Dec2024 00:20:34.894] [Server thread/INFO] [net.minecraft.server.MinecraftServer/]: [@: Set the weather to clear]
[25Dec2024 00:20:44.139] [Server thread/INFO] [net.minecraft.server.MinecraftServer/]: [VIK_N_DA_HOOD: Set own game mode to Spectator Mode]
[25Dec2024 00:20:51.753] [Server thread/INFO] [net.minecraft.server.MinecraftServer/]: [VIK_N_DA_HOOD: Set own game mode to Creative Mode]
[25Dec2024 00:20:52.664] [Server thread/INFO] [net.minecraft.server.MinecraftServer/]: [VIK_N_DA_HOOD: Set own game mode to Survival Mode]
[25Dec2024 00:21:05.551] [Server thread/INFO] [net.minecraft.server.MinecraftServer/]: [Sanguchito666: Teleported Sanguchito666 to Naeceran]
[25Dec2024 00:21:12.234] [Server thread/INFO] [net.minecraft.server.MinecraftServer/]: [VIK_N_DA_HOOD: Set own game mode to Creative Mode]
[25Dec2024 00:21:17.554] [Server thread/INFO] [net.minecraft.server.MinecraftServer/]: [VIK_N_DA_HOOD: Set own game mode to Survival Mode]
[25Dec2024 00:22:09.914] [Server thread/INFO] [net.minecraft.server.MinecraftServer/]: [VIK_N_DA_HOOD: Set own game mode to Creative Mode]
[25Dec2024 00:22:24.365] [Server thread/INFO] [net.minecraft.server.MinecraftServer/]: Naeceran has made the advancement [Rainbow Road]
[25Dec2024 00:22:25.608] [Server thread/INFO] [net.minecraft.server.MinecraftServer/]: [VIK_N_DA_HOOD: Set own game mode to Survival Mode]
[25Dec2024 00:23:39.018] [Server thread/INFO] [net.minecraft.server.MinecraftServer/]: [VIK_N_DA_HOOD: Set the time to 1000]
[25Dec2024 00:23:41.483] [Server thread/INFO] [net.minecraft.server.MinecraftServer/]: [VIK_N_DA_HOOD: Set own game mode to Creative Mode]
[25Dec2024 00:25:20.934] [Server thread/INFO] [net.minecraft.server.MinecraftServer/]: [VIK_N_DA_HOOD: Saved the game]
[25Dec2024 00:25:26.094] [Server thread/INFO] [net.minecraft.server.MinecraftServer/]: [@: Killed 20 entities]
[25Dec2024 00:25:36.894] [Server thread/INFO] [net.minecraft.server.MinecraftServer/]: [@: Set the weather to clear]
[25Dec2024 00:26:14.794] [Server thread/INFO] [net.minecraft.server.MinecraftServer/]: [@: Killed 10 entities]
[25Dec2024 00:26:17.533] [Server thread/INFO] [net.minecraft.server.MinecraftServer/]: [VIK_N_DA_HOOD: Set own game mode to Survival Mode]
